<?xml version="1.0" encoding="UTF-8"?>
<!-- Generated by org.testng.reporters.JUnitReportReporter -->
<testsuite skipped="0" hostname="sujaya" name="app.consumerApp.featureTest.DocBoxFeatureTest" tests="2" failures="0" timestamp="11 Aug 2020 14:25:38 GMT" time="157.314" errors="0">
  <testcase name="Test_verify_UI" time="12.663" classname="app.consumerApp.featureTest.DocBoxFeatureTest"/>
  <testcase name="Test_add_Invoice_Document_Files" time="144.651" classname="app.consumerApp.featureTest.DocBoxFeatureTest"/>
</testsuite> <!-- app.consumerApp.featureTest.DocBoxFeatureTest -->
