<?xml version="1.0" encoding="UTF-8"?>
<!-- Generated by org.testng.reporters.JUnitReportReporter -->
<testsuite skipped="0" hostname="sujaya" name="app.consumerApp.featureTest.HelpCenterFeatureTest" tests="1" failures="0" timestamp="12 Aug 2020 05:24:18 GMT" time="38.422" errors="0">
  <testcase name="Test_Verify_UI_And_Functionality" time="38.422" classname="app.consumerApp.featureTest.HelpCenterFeatureTest"/>
</testsuite> <!-- app.consumerApp.featureTest.HelpCenterFeatureTest -->
