<?xml version="1.0" encoding="UTF-8"?>
<!-- Generated by org.testng.reporters.JUnitReportReporter -->
<testsuite skipped="1" hostname="sujaya" name="app.consumerApp.featureTest.LoyaltyFeatureTest" tests="1" failures="0" timestamp="18 May 2020 12:25:22 GMT" time="0.000" errors="0">
  <testcase name="Test_Check_Referrer_LoyaltyBalance" time="0.000" classname="app.consumerApp.featureTest.LoyaltyFeatureTest">
    <skipped/>
  </testcase> <!-- Test_Check_Referrer_LoyaltyBalance -->
</testsuite> <!-- app.consumerApp.featureTest.LoyaltyFeatureTest -->
