<?xml version="1.0" encoding="UTF-8"?>
<!-- Generated by org.testng.reporters.JUnitReportReporter -->
<testsuite skipped="0" hostname="sujaya" name="app.consumerApp.featureTest.LocationFeatureTest" tests="1" failures="0" timestamp="12 Aug 2020 05:51:12 GMT" time="42.803" errors="0">
  <testcase name="Test_Verify_Locations_UI_Functionality" time="42.803" classname="app.consumerApp.featureTest.LocationFeatureTest"/>
</testsuite> <!-- app.consumerApp.featureTest.LocationFeatureTest -->
