<?xml version="1.0" encoding="UTF-8"?>
<!-- Generated by org.testng.reporters.JUnitReportReporter -->
<testsuite skipped="0" hostname="sujaya" name="app.consumerApp.featureTest.FeedbackFeatureTest" tests="1" failures="0" timestamp="12 Aug 2020 05:20:26 GMT" time="35.790" errors="0">
  <testcase name="Test_Verify_Functionality" time="35.790" classname="app.consumerApp.featureTest.FeedbackFeatureTest"/>
</testsuite> <!-- app.consumerApp.featureTest.FeedbackFeatureTest -->
