<?xml version="1.0" encoding="UTF-8"?>
<!-- Generated by org.testng.reporters.JUnitReportReporter -->
<testsuite skipped="0" hostname="sujaya" name="app.appium.GenericLibrary.DriverIgnit" tests="1" failures="0" timestamp="09 Mar 2020 10:58:23 GMT" time="73.205" errors="0">
  <testcase name="appLaunch" time="73.205" classname="app.appium.GenericLibrary.DriverIgnit"/>
</testsuite> <!-- app.appium.GenericLibrary.DriverIgnit -->
