<?xml version="1.0" encoding="UTF-8"?>
<!-- Generated by org.testng.reporters.JUnitReportReporter -->
<testsuite skipped="0" hostname="sujaya" name="app.consumerApp.featureTest.MyOrderFeatureTest" tests="2" failures="0" timestamp="16 Jul 2020 13:40:12 GMT" time="48.118" errors="0">
  <testcase name="Test_Verify_UI" time="21.477" classname="app.consumerApp.featureTest.MyOrderFeatureTest"/>
  <testcase name="Test_Verify_Functionality" time="26.641" classname="app.consumerApp.featureTest.MyOrderFeatureTest"/>
</testsuite> <!-- app.consumerApp.featureTest.MyOrderFeatureTest -->
