<?xml version="1.0" encoding="UTF-8"?>
<!-- Generated by org.testng.reporters.JUnitReportReporter -->
<testsuite skipped="0" hostname="sujaya" name="app.appium.GenericLibrary.AppGenericLibrary" tests="1" failures="0" timestamp="04 Mar 2020 06:36:31 GMT" time="0.030" errors="0">
  <testcase name="getDateAndTimeCombination" time="0.030" classname="app.appium.GenericLibrary.AppGenericLibrary"/>
</testsuite> <!-- app.appium.GenericLibrary.AppGenericLibrary -->
