<?xml version="1.0" encoding="UTF-8"?>
<!-- Generated by org.testng.reporters.JUnitReportReporter -->
<testsuite skipped="0" hostname="sujaya" name="app.consumerApp.featureTest.LoginFeatureTest" tests="3" failures="0" timestamp="11 Aug 2020 12:47:27 GMT" time="334.679" errors="0">
  <testcase name="check_signupPossitiveFlow" time="120.014" classname="app.consumerApp.featureTest.LoginFeatureTest"/>
  <testcase name="check_login_Password_Set" time="119.909" classname="app.consumerApp.featureTest.LoginFeatureTest"/>
  <testcase name="check_login_Change_Password" time="94.756" classname="app.consumerApp.featureTest.LoginFeatureTest"/>
</testsuite> <!-- app.consumerApp.featureTest.LoginFeatureTest -->
