<?xml version="1.0" encoding="UTF-8"?>
<!-- Generated by org.testng.reporters.JUnitReportReporter -->
<testsuite hostname="sujaya" name="tests.LoginFlow" tests="1" failures="0" timestamp="20 Jan 2020 13:58:58 GMT" time="49.699" errors="0">
  <testcase name="scenario1" time="49.699" classname="tests.LoginFlow"/>
</testsuite> <!-- tests.LoginFlow -->
