<?xml version="1.0" encoding="UTF-8"?>
<!-- Generated by org.testng.reporters.JUnitReportReporter -->
<testsuite skipped="0" hostname="sujaya" name="app.consumerApp.featureTest.ServiceRequestFeatureTest" tests="6" failures="0" timestamp="12 Aug 2020 07:20:01 GMT" time="284.597" errors="0">
  <testcase name="Test_verify_UI" time="25.338" classname="app.consumerApp.featureTest.ServiceRequestFeatureTest"/>
  <testcase name="Test_raiseNewRequest1" time="58.433" classname="app.consumerApp.featureTest.ServiceRequestFeatureTest"/>
  <testcase name="Test_verifyConversationScreen" time="3.986" classname="app.consumerApp.featureTest.ServiceRequestFeatureTest"/>
  <testcase name="Test_raiseNewRequest2" time="30.114" classname="app.consumerApp.featureTest.ServiceRequestFeatureTest"/>
  <testcase name="Test_serviecRequest_Reply" time="81.967" classname="app.consumerApp.featureTest.ServiceRequestFeatureTest"/>
  <testcase name="Test_VerifyAttachment_And_ScheduleDateTime" time="84.759" classname="app.consumerApp.featureTest.ServiceRequestFeatureTest"/>
</testsuite> <!-- app.consumerApp.featureTest.ServiceRequestFeatureTest -->
