<?xml version="1.0" encoding="UTF-8"?>
<!-- Generated by org.testng.reporters.JUnitReportReporter -->
<testsuite hostname="sujaya" name="app.consumerApp.test.LoginFlow" tests="1" failures="0" timestamp="24 Feb 2020 04:47:31 GMT" time="1.243" errors="0">
  <testcase name="setUpAllVariable" time="1.243" classname="app.consumerApp.test.LoginFlow"/>
</testsuite> <!-- app.consumerApp.test.LoginFlow -->
