<?xml version="1.0" encoding="UTF-8"?>
<!-- Generated by org.testng.reporters.JUnitReportReporter -->
<testsuite skipped="0" hostname="sujaya" name="app.consumerApp.test.noBrokerImplementation" tests="2" failures="0" timestamp="08 Apr 2020 04:19:58 GMT" time="63.865" errors="0">
  <testcase name="verifyAppLaunch" time="8.717" classname="app.consumerApp.test.noBrokerImplementation"/>
  <testcase name="buyPropertyFunctionalities" time="55.148" classname="app.consumerApp.test.noBrokerImplementation"/>
</testsuite> <!-- app.consumerApp.test.noBrokerImplementation -->
